This is pdfTeX, Version 3.141592653-2.6-1.40.26 (TeX Live 2024) (preloaded format=pdflatex 2024.12.5)  3 FEB 2025 06:11
entering extended mode
 restricted \write18 enabled.
 file:line:error style messages enabled.
 %&-line parsing enabled.
**"/Users/almerstaines/Documents/Discriminant Analysis/Discriminant-Analysis-for-Early-Detection-of-Alzheimer-s-Disease/main.tex"
(/Users/almerstaines/Documents/Discriminant Analysis/Discriminant-Analysis-for-Early-Detection-of-Alzheimer-s-Disease/main.tex
LaTeX2e <2024-11-01> patch level 1
L3 programming layer <2024-11-02>
(/usr/local/texlive/2024basic/texmf-dist/tex/latex/base/article.cls
Document Class: article 2024/06/29 v1.4n Standard LaTeX document class
(/usr/local/texlive/2024basic/texmf-dist/tex/latex/base/size12.clo
File: size12.clo 2024/06/29 v1.4n Standard LaTeX file (size option)
)
\c@part=\count196
\c@section=\count197
\c@subsection=\count198
\c@subsubsection=\count199
\c@paragraph=\count266
\c@subparagraph=\count267
\c@figure=\count268
\c@table=\count269
\abovecaptionskip=\skip49
\belowcaptionskip=\skip50
\bibindent=\dimen141
) (/usr/local/texlive/2024basic/texmf-dist/tex/latex/base/inputenc.sty
Package: inputenc 2024/02/08 v1.3d Input encoding file
\inpenc@prehook=\toks17
\inpenc@posthook=\toks18
) (/usr/local/texlive/2024basic/texmf-dist/tex/latex/graphics/graphicx.sty
Package: graphicx 2021/09/16 v1.2d Enhanced LaTeX Graphics (DPC,SPQR)
 (/usr/local/texlive/2024basic/texmf-dist/tex/latex/graphics/keyval.sty
Package: keyval 2022/05/29 v1.15 key=value parser (DPC)
\KV@toks@=\toks19
) (/usr/local/texlive/2024basic/texmf-dist/tex/latex/graphics/graphics.sty
Package: graphics 2024/08/06 v1.4g Standard LaTeX Graphics (DPC,SPQR)
 (/usr/local/texlive/2024basic/texmf-dist/tex/latex/graphics/trig.sty
Package: trig 2023/12/02 v1.11 sin cos tan (DPC)
) (/usr/local/texlive/2024basic/texmf-dist/tex/latex/graphics-cfg/graphics.cfg
File: graphics.cfg 2016/06/04 v1.11 sample graphics configuration
)
Package graphics Info: Driver file: pdftex.def on input line 106.
 (/usr/local/texlive/2024basic/texmf-dist/tex/latex/graphics-def/pdftex.def
File: pdftex.def 2024/04/13 v1.2c Graphics/color driver for pdftex
))
\Gin@req@height=\dimen142
\Gin@req@width=\dimen143
) (/usr/local/texlive/2024basic/texmf-dist/tex/latex/geometry/geometry.sty
Package: geometry 2020/01/02 v5.9 Page Geometry
 (/usr/local/texlive/2024basic/texmf-dist/tex/generic/iftex/ifvtex.sty
Package: ifvtex 2019/10/25 v1.7 ifvtex legacy package. Use iftex instead.
 (/usr/local/texlive/2024basic/texmf-dist/tex/generic/iftex/iftex.sty
Package: iftex 2022/02/03 v1.0f TeX engine tests
))
\Gm@cnth=\count270
\Gm@cntv=\count271
\c@Gm@tempcnt=\count272
\Gm@bindingoffset=\dimen144
\Gm@wd@mp=\dimen145
\Gm@odd@mp=\dimen146
\Gm@even@mp=\dimen147
\Gm@layoutwidth=\dimen148
\Gm@layoutheight=\dimen149
\Gm@layouthoffset=\dimen150
\Gm@layoutvoffset=\dimen151
\Gm@dimlist=\toks20
) (/usr/local/texlive/2024basic/texmf-dist/tex/latex/setspace/setspace.sty
Package: setspace 2022/12/04 v6.7b set line spacing
) (/usr/local/texlive/2024basic/texmf-dist/tex/latex/titlesec/titlesec.sty
Package: titlesec 2023/10/27 v2.16 Sectioning titles
\ttl@box=\box52
\beforetitleunit=\skip51
\aftertitleunit=\skip52
\ttl@plus=\dimen152
\ttl@minus=\dimen153
\ttl@toksa=\toks21
\titlewidth=\dimen154
\titlewidthlast=\dimen155
\titlewidthfirst=\dimen156
) (/usr/local/texlive/2024basic/texmf-dist/tex/latex/fancyhdr/fancyhdr.sty
Package: fancyhdr 2024/11/20 v4.4 Extensive control of page headers and footers
\f@nch@headwidth=\skip53
\f@nch@O@elh=\skip54
\f@nch@O@erh=\skip55
\f@nch@O@olh=\skip56
\f@nch@O@orh=\skip57
\f@nch@O@elf=\skip58
\f@nch@O@erf=\skip59
\f@nch@O@olf=\skip60
\f@nch@O@orf=\skip61
) (/usr/local/texlive/2024basic/texmf-dist/tex/latex/caption/caption.sty
Package: caption 2023/08/05 v3.6o Customizing captions (AR)
 (/usr/local/texlive/2024basic/texmf-dist/tex/latex/caption/caption3.sty
Package: caption3 2023/07/31 v2.4d caption3 kernel (AR)
\caption@tempdima=\dimen157
\captionmargin=\dimen158
\caption@leftmargin=\dimen159
\caption@rightmargin=\dimen160
\caption@width=\dimen161
\caption@indent=\dimen162
\caption@parindent=\dimen163
\caption@hangindent=\dimen164
Package caption Info: Standard document class detected.
)
\c@caption@flags=\count273
\c@continuedfloat=\count274
) (/usr/local/texlive/2024basic/texmf-dist/tex/latex/pgf/frontendlayer/tikz.sty (/usr/local/texlive/2024basic/texmf-dist/tex/latex/pgf/basiclayer/pgf.sty (/usr/local/texlive/2024basic/texmf-dist/tex/latex/pgf/utilities/pgfrcs.sty (/usr/local/texlive/2024basic/texmf-dist/tex/generic/pgf/utilities/pgfutil-common.tex
\pgfutil@everybye=\toks22
\pgfutil@tempdima=\dimen165
\pgfutil@tempdimb=\dimen166
) (/usr/local/texlive/2024basic/texmf-dist/tex/generic/pgf/utilities/pgfutil-latex.def
\pgfutil@abb=\box53
) (/usr/local/texlive/2024basic/texmf-dist/tex/generic/pgf/utilities/pgfrcs.code.tex (/usr/local/texlive/2024basic/texmf-dist/tex/generic/pgf/pgf.revision.tex)
Package: pgfrcs 2023-01-15 v3.1.10 (3.1.10)
))
Package: pgf 2023-01-15 v3.1.10 (3.1.10)
 (/usr/local/texlive/2024basic/texmf-dist/tex/latex/pgf/basiclayer/pgfcore.sty (/usr/local/texlive/2024basic/texmf-dist/tex/latex/pgf/systemlayer/pgfsys.sty (/usr/local/texlive/2024basic/texmf-dist/tex/generic/pgf/systemlayer/pgfsys.code.tex
Package: pgfsys 2023-01-15 v3.1.10 (3.1.10)
 (/usr/local/texlive/2024basic/texmf-dist/tex/generic/pgf/utilities/pgfkeys.code.tex
\pgfkeys@pathtoks=\toks23
\pgfkeys@temptoks=\toks24
 (/usr/local/texlive/2024basic/texmf-dist/tex/generic/pgf/utilities/pgfkeyslibraryfiltered.code.tex
\pgfkeys@tmptoks=\toks25
))
\pgf@x=\dimen167
\pgf@y=\dimen168
\pgf@xa=\dimen169
\pgf@ya=\dimen170
\pgf@xb=\dimen171
\pgf@yb=\dimen172
\pgf@xc=\dimen173
\pgf@yc=\dimen174
\pgf@xd=\dimen175
\pgf@yd=\dimen176
\w@pgf@writea=\write3
\r@pgf@reada=\read2
\c@pgf@counta=\count275
\c@pgf@countb=\count276
\c@pgf@countc=\count277
\c@pgf@countd=\count278
\t@pgf@toka=\toks26
\t@pgf@tokb=\toks27
\t@pgf@tokc=\toks28
\pgf@sys@id@count=\count279
 (/usr/local/texlive/2024basic/texmf-dist/tex/generic/pgf/systemlayer/pgf.cfg
File: pgf.cfg 2023-01-15 v3.1.10 (3.1.10)
)
Driver file for pgf: pgfsys-pdftex.def
 (/usr/local/texlive/2024basic/texmf-dist/tex/generic/pgf/systemlayer/pgfsys-pdftex.def
File: pgfsys-pdftex.def 2023-01-15 v3.1.10 (3.1.10)
 (/usr/local/texlive/2024basic/texmf-dist/tex/generic/pgf/systemlayer/pgfsys-common-pdf.def
File: pgfsys-common-pdf.def 2023-01-15 v3.1.10 (3.1.10)
))) (/usr/local/texlive/2024basic/texmf-dist/tex/generic/pgf/systemlayer/pgfsyssoftpath.code.tex
File: pgfsyssoftpath.code.tex 2023-01-15 v3.1.10 (3.1.10)
\pgfsyssoftpath@smallbuffer@items=\count280
\pgfsyssoftpath@bigbuffer@items=\count281
) (/usr/local/texlive/2024basic/texmf-dist/tex/generic/pgf/systemlayer/pgfsysprotocol.code.tex
File: pgfsysprotocol.code.tex 2023-01-15 v3.1.10 (3.1.10)
)) (/usr/local/texlive/2024basic/texmf-dist/tex/latex/xcolor/xcolor.sty
Package: xcolor 2024/09/29 v3.02 LaTeX color extensions (UK)
 (/usr/local/texlive/2024basic/texmf-dist/tex/latex/graphics-cfg/color.cfg
File: color.cfg 2016/01/02 v1.6 sample color configuration
)
Package xcolor Info: Driver file: pdftex.def on input line 274.
 (/usr/local/texlive/2024basic/texmf-dist/tex/latex/graphics/mathcolor.ltx)
Package xcolor Info: Model `cmy' substituted by `cmy0' on input line 1349.
Package xcolor Info: Model `hsb' substituted by `rgb' on input line 1353.
Package xcolor Info: Model `RGB' extended on input line 1365.
Package xcolor Info: Model `HTML' substituted by `rgb' on input line 1367.
Package xcolor Info: Model `Hsb' substituted by `hsb' on input line 1368.
Package xcolor Info: Model `tHsb' substituted by `hsb' on input line 1369.
Package xcolor Info: Model `HSB' substituted by `hsb' on input line 1370.
Package xcolor Info: Model `Gray' substituted by `gray' on input line 1371.
Package xcolor Info: Model `wave' substituted by `hsb' on input line 1372.
) (/usr/local/texlive/2024basic/texmf-dist/tex/generic/pgf/basiclayer/pgfcore.code.tex
Package: pgfcore 2023-01-15 v3.1.10 (3.1.10)
 (/usr/local/texlive/2024basic/texmf-dist/tex/generic/pgf/math/pgfmath.code.tex (/usr/local/texlive/2024basic/texmf-dist/tex/generic/pgf/math/pgfmathutil.code.tex) (/usr/local/texlive/2024basic/texmf-dist/tex/generic/pgf/math/pgfmathparser.code.tex
\pgfmath@dimen=\dimen177
\pgfmath@count=\count282
\pgfmath@box=\box54
\pgfmath@toks=\toks29
\pgfmath@stack@operand=\toks30
\pgfmath@stack@operation=\toks31
) (/usr/local/texlive/2024basic/texmf-dist/tex/generic/pgf/math/pgfmathfunctions.code.tex) (/usr/local/texlive/2024basic/texmf-dist/tex/generic/pgf/math/pgfmathfunctions.basic.code.tex) (/usr/local/texlive/2024basic/texmf-dist/tex/generic/pgf/math/pgfmathfunctions.trigonometric.code.tex) (/usr/local/texlive/2024basic/texmf-dist/tex/generic/pgf/math/pgfmathfunctions.random.code.tex) (/usr/local/texlive/2024basic/texmf-dist/tex/generic/pgf/math/pgfmathfunctions.comparison.code.tex) (/usr/local/texlive/2024basic/texmf-dist/tex/generic/pgf/math/pgfmathfunctions.base.code.tex) (/usr/local/texlive/2024basic/texmf-dist/tex/generic/pgf/math/pgfmathfunctions.round.code.tex) (/usr/local/texlive/2024basic/texmf-dist/tex/generic/pgf/math/pgfmathfunctions.misc.code.tex) (/usr/local/texlive/2024basic/texmf-dist/tex/generic/pgf/math/pgfmathfunctions.integerarithmetics.code.tex) (/usr/local/texlive/2024basic/texmf-dist/tex/generic/pgf/math/pgfmathcalc.code.tex) (/usr/local/texlive/2024basic/texmf-dist/tex/generic/pgf/math/pgfmathfloat.code.tex
\c@pgfmathroundto@lastzeros=\count283
)) (/usr/local/texlive/2024basic/texmf-dist/tex/generic/pgf/math/pgfint.code.tex) (/usr/local/texlive/2024basic/texmf-dist/tex/generic/pgf/basiclayer/pgfcorepoints.code.tex
File: pgfcorepoints.code.tex 2023-01-15 v3.1.10 (3.1.10)
\pgf@picminx=\dimen178
\pgf@picmaxx=\dimen179
\pgf@picminy=\dimen180
\pgf@picmaxy=\dimen181
\pgf@pathminx=\dimen182
\pgf@pathmaxx=\dimen183
\pgf@pathminy=\dimen184
\pgf@pathmaxy=\dimen185
\pgf@xx=\dimen186
\pgf@xy=\dimen187
\pgf@yx=\dimen188
\pgf@yy=\dimen189
\pgf@zx=\dimen190
\pgf@zy=\dimen191
) (/usr/local/texlive/2024basic/texmf-dist/tex/generic/pgf/basiclayer/pgfcorepathconstruct.code.tex
File: pgfcorepathconstruct.code.tex 2023-01-15 v3.1.10 (3.1.10)
\pgf@path@lastx=\dimen192
\pgf@path@lasty=\dimen193
) (/usr/local/texlive/2024basic/texmf-dist/tex/generic/pgf/basiclayer/pgfcorepathusage.code.tex
File: pgfcorepathusage.code.tex 2023-01-15 v3.1.10 (3.1.10)
\pgf@shorten@end@additional=\dimen194
\pgf@shorten@start@additional=\dimen195
) (/usr/local/texlive/2024basic/texmf-dist/tex/generic/pgf/basiclayer/pgfcorescopes.code.tex
File: pgfcorescopes.code.tex 2023-01-15 v3.1.10 (3.1.10)
\pgfpic=\box55
\pgf@hbox=\box56
\pgf@layerbox@main=\box57
\pgf@picture@serial@count=\count284
) (/usr/local/texlive/2024basic/texmf-dist/tex/generic/pgf/basiclayer/pgfcoregraphicstate.code.tex
File: pgfcoregraphicstate.code.tex 2023-01-15 v3.1.10 (3.1.10)
\pgflinewidth=\dimen196
) (/usr/local/texlive/2024basic/texmf-dist/tex/generic/pgf/basiclayer/pgfcoretransformations.code.tex
File: pgfcoretransformations.code.tex 2023-01-15 v3.1.10 (3.1.10)
\pgf@pt@x=\dimen197
\pgf@pt@y=\dimen198
\pgf@pt@temp=\dimen199
) (/usr/local/texlive/2024basic/texmf-dist/tex/generic/pgf/basiclayer/pgfcorequick.code.tex
File: pgfcorequick.code.tex 2023-01-15 v3.1.10 (3.1.10)
) (/usr/local/texlive/2024basic/texmf-dist/tex/generic/pgf/basiclayer/pgfcoreobjects.code.tex
File: pgfcoreobjects.code.tex 2023-01-15 v3.1.10 (3.1.10)
) (/usr/local/texlive/2024basic/texmf-dist/tex/generic/pgf/basiclayer/pgfcorepathprocessing.code.tex
File: pgfcorepathprocessing.code.tex 2023-01-15 v3.1.10 (3.1.10)
) (/usr/local/texlive/2024basic/texmf-dist/tex/generic/pgf/basiclayer/pgfcorearrows.code.tex
File: pgfcorearrows.code.tex 2023-01-15 v3.1.10 (3.1.10)
\pgfarrowsep=\dimen256
) (/usr/local/texlive/2024basic/texmf-dist/tex/generic/pgf/basiclayer/pgfcoreshade.code.tex
File: pgfcoreshade.code.tex 2023-01-15 v3.1.10 (3.1.10)
\pgf@max=\dimen257
\pgf@sys@shading@range@num=\count285
\pgf@shadingcount=\count286
) (/usr/local/texlive/2024basic/texmf-dist/tex/generic/pgf/basiclayer/pgfcoreimage.code.tex
File: pgfcoreimage.code.tex 2023-01-15 v3.1.10 (3.1.10)
) (/usr/local/texlive/2024basic/texmf-dist/tex/generic/pgf/basiclayer/pgfcoreexternal.code.tex
File: pgfcoreexternal.code.tex 2023-01-15 v3.1.10 (3.1.10)
\pgfexternal@startupbox=\box58
) (/usr/local/texlive/2024basic/texmf-dist/tex/generic/pgf/basiclayer/pgfcorelayers.code.tex
File: pgfcorelayers.code.tex 2023-01-15 v3.1.10 (3.1.10)
) (/usr/local/texlive/2024basic/texmf-dist/tex/generic/pgf/basiclayer/pgfcoretransparency.code.tex
File: pgfcoretransparency.code.tex 2023-01-15 v3.1.10 (3.1.10)
) (/usr/local/texlive/2024basic/texmf-dist/tex/generic/pgf/basiclayer/pgfcorepatterns.code.tex
File: pgfcorepatterns.code.tex 2023-01-15 v3.1.10 (3.1.10)
) (/usr/local/texlive/2024basic/texmf-dist/tex/generic/pgf/basiclayer/pgfcorerdf.code.tex
File: pgfcorerdf.code.tex 2023-01-15 v3.1.10 (3.1.10)
))) (/usr/local/texlive/2024basic/texmf-dist/tex/generic/pgf/modules/pgfmoduleshapes.code.tex
File: pgfmoduleshapes.code.tex 2023-01-15 v3.1.10 (3.1.10)
\pgfnodeparttextbox=\box59
) (/usr/local/texlive/2024basic/texmf-dist/tex/generic/pgf/modules/pgfmoduleplot.code.tex
File: pgfmoduleplot.code.tex 2023-01-15 v3.1.10 (3.1.10)
) (/usr/local/texlive/2024basic/texmf-dist/tex/latex/pgf/compatibility/pgfcomp-version-0-65.sty
Package: pgfcomp-version-0-65 2023-01-15 v3.1.10 (3.1.10)
\pgf@nodesepstart=\dimen258
\pgf@nodesepend=\dimen259
) (/usr/local/texlive/2024basic/texmf-dist/tex/latex/pgf/compatibility/pgfcomp-version-1-18.sty
Package: pgfcomp-version-1-18 2023-01-15 v3.1.10 (3.1.10)
)) (/usr/local/texlive/2024basic/texmf-dist/tex/latex/pgf/utilities/pgffor.sty (/usr/local/texlive/2024basic/texmf-dist/tex/latex/pgf/utilities/pgfkeys.sty (/usr/local/texlive/2024basic/texmf-dist/tex/generic/pgf/utilities/pgfkeys.code.tex)) (/usr/local/texlive/2024basic/texmf-dist/tex/latex/pgf/math/pgfmath.sty (/usr/local/texlive/2024basic/texmf-dist/tex/generic/pgf/math/pgfmath.code.tex)) (/usr/local/texlive/2024basic/texmf-dist/tex/generic/pgf/utilities/pgffor.code.tex
Package: pgffor 2023-01-15 v3.1.10 (3.1.10)
\pgffor@iter=\dimen260
\pgffor@skip=\dimen261
\pgffor@stack=\toks32
\pgffor@toks=\toks33
)) (/usr/local/texlive/2024basic/texmf-dist/tex/generic/pgf/frontendlayer/tikz/tikz.code.tex
Package: tikz 2023-01-15 v3.1.10 (3.1.10)
 (/usr/local/texlive/2024basic/texmf-dist/tex/generic/pgf/libraries/pgflibraryplothandlers.code.tex
File: pgflibraryplothandlers.code.tex 2023-01-15 v3.1.10 (3.1.10)
\pgf@plot@mark@count=\count287
\pgfplotmarksize=\dimen262
)
\tikz@lastx=\dimen263
\tikz@lasty=\dimen264
\tikz@lastxsaved=\dimen265
\tikz@lastysaved=\dimen266
\tikz@lastmovetox=\dimen267
\tikz@lastmovetoy=\dimen268
\tikzleveldistance=\dimen269
\tikzsiblingdistance=\dimen270
\tikz@figbox=\box60
\tikz@figbox@bg=\box61
\tikz@tempbox=\box62
\tikz@tempbox@bg=\box63
\tikztreelevel=\count288
\tikznumberofchildren=\count289
\tikznumberofcurrentchild=\count290
\tikz@fig@count=\count291
 (/usr/local/texlive/2024basic/texmf-dist/tex/generic/pgf/modules/pgfmodulematrix.code.tex
File: pgfmodulematrix.code.tex 2023-01-15 v3.1.10 (3.1.10)
\pgfmatrixcurrentrow=\count292
\pgfmatrixcurrentcolumn=\count293
\pgf@matrix@numberofcolumns=\count294
)
\tikz@expandcount=\count295
 (/usr/local/texlive/2024basic/texmf-dist/tex/generic/pgf/frontendlayer/tikz/libraries/tikzlibrarytopaths.code.tex
File: tikzlibrarytopaths.code.tex 2023-01-15 v3.1.10 (3.1.10)
))) (/usr/local/texlive/2024basic/texmf-dist/tex/latex/tools/tabularx.sty
Package: tabularx 2023/12/11 v2.12a `tabularx' package (DPC)
 (/usr/local/texlive/2024basic/texmf-dist/tex/latex/tools/array.sty
Package: array 2024/10/17 v2.6g Tabular extension package (FMi)
\col@sep=\dimen271
\ar@mcellbox=\box64
\extrarowheight=\dimen272
\NC@list=\toks34
\extratabsurround=\skip62
\backup@length=\skip63
\ar@cellbox=\box65
)
\TX@col@width=\dimen273
\TX@old@table=\dimen274
\TX@old@col=\dimen275
\TX@target=\dimen276
\TX@delta=\dimen277
\TX@cols=\count296
\TX@ftn=\toks35
) (/usr/local/texlive/2024basic/texmf-dist/tex/latex/eso-pic/eso-pic.sty
Package: eso-pic 2023/05/03 v3.0c eso-pic (RN)
\ESO@tempdima=\dimen278
\ESO@tempdimb=\dimen279
) (/usr/local/texlive/2024basic/texmf-dist/tex/latex/amsmath/amsmath.sty
Package: amsmath 2024/11/05 v2.17t AMS math features
\@mathmargin=\skip64

For additional information on amsmath, use the `?' option.
(/usr/local/texlive/2024basic/texmf-dist/tex/latex/amsmath/amstext.sty
Package: amstext 2021/08/26 v2.01 AMS text
 (/usr/local/texlive/2024basic/texmf-dist/tex/latex/amsmath/amsgen.sty
File: amsgen.sty 1999/11/30 v2.0 generic functions
\@emptytoks=\toks36
\ex@=\dimen280
)) (/usr/local/texlive/2024basic/texmf-dist/tex/latex/amsmath/amsbsy.sty
Package: amsbsy 1999/11/29 v1.2d Bold Symbols
\pmbraise@=\dimen281
) (/usr/local/texlive/2024basic/texmf-dist/tex/latex/amsmath/amsopn.sty
Package: amsopn 2022/04/08 v2.04 operator names
)
\inf@bad=\count297
LaTeX Info: Redefining \frac on input line 233.
\uproot@=\count298
\leftroot@=\count299
LaTeX Info: Redefining \overline on input line 398.
LaTeX Info: Redefining \colon on input line 409.
\classnum@=\count300
\DOTSCASE@=\count301
LaTeX Info: Redefining \ldots on input line 495.
LaTeX Info: Redefining \dots on input line 498.
LaTeX Info: Redefining \cdots on input line 619.
\Mathstrutbox@=\box66
\strutbox@=\box67
LaTeX Info: Redefining \big on input line 721.
LaTeX Info: Redefining \Big on input line 722.
LaTeX Info: Redefining \bigg on input line 723.
LaTeX Info: Redefining \Bigg on input line 724.
\big@size=\dimen282
LaTeX Font Info:    Redeclaring font encoding OML on input line 742.
LaTeX Font Info:    Redeclaring font encoding OMS on input line 743.
\macc@depth=\count302
LaTeX Info: Redefining \bmod on input line 904.
LaTeX Info: Redefining \pmod on input line 909.
LaTeX Info: Redefining \smash on input line 939.
LaTeX Info: Redefining \relbar on input line 969.
LaTeX Info: Redefining \Relbar on input line 970.
\c@MaxMatrixCols=\count303
\dotsspace@=\muskip17
\c@parentequation=\count304
\dspbrk@lvl=\count305
\tag@help=\toks37
\row@=\count306
\column@=\count307
\maxfields@=\count308
\andhelp@=\toks38
\eqnshift@=\dimen283
\alignsep@=\dimen284
\tagshift@=\dimen285
\tagwidth@=\dimen286
\totwidth@=\dimen287
\lineht@=\dimen288
\@envbody=\toks39
\multlinegap=\skip65
\multlinetaggap=\skip66
\mathdisplay@stack=\toks40
LaTeX Info: Redefining \[ on input line 2953.
LaTeX Info: Redefining \] on input line 2954.
) (/usr/local/texlive/2024basic/texmf-dist/tex/latex/amsfonts/amssymb.sty
Package: amssymb 2013/01/14 v3.01 AMS font symbols
 (/usr/local/texlive/2024basic/texmf-dist/tex/latex/amsfonts/amsfonts.sty
Package: amsfonts 2013/01/14 v3.01 Basic AMSFonts support
\symAMSa=\mathgroup4
\symAMSb=\mathgroup5
LaTeX Font Info:    Redeclaring math symbol \hbar on input line 98.
LaTeX Font Info:    Overwriting math alphabet `\mathfrak' in version `bold'
(Font)                  U/euf/m/n --> U/euf/b/n on input line 106.
)) (/usr/local/texlive/2024basic/texmf-dist/tex/latex/biblatex/biblatex.sty
Package: biblatex 2024/03/21 v3.20 programmable bibliographies (PK/MW)
 (/usr/local/texlive/2024basic/texmf-dist/tex/generic/pdftexcmds/pdftexcmds.sty
Package: pdftexcmds 2020-06-27 v0.33 Utility functions of pdfTeX for LuaTeX (HO)
 (/usr/local/texlive/2024basic/texmf-dist/tex/generic/infwarerr/infwarerr.sty
Package: infwarerr 2019/12/03 v1.5 Providing info/warning/error messages (HO)
) (/usr/local/texlive/2024basic/texmf-dist/tex/generic/ltxcmds/ltxcmds.sty
Package: ltxcmds 2023-12-04 v1.26 LaTeX kernel commands for general use (HO)
)
Package pdftexcmds Info: \pdf@primitive is available.
Package pdftexcmds Info: \pdf@ifprimitive is available.
Package pdftexcmds Info: \pdfdraftmode found.
) (/usr/local/texlive/2024basic/texmf-dist/tex/latex/etoolbox/etoolbox.sty
Package: etoolbox 2020/10/05 v2.5k e-TeX tools for LaTeX (JAW)
\etb@tempcnta=\count309
) (/usr/local/texlive/2024basic/texmf-dist/tex/latex/kvoptions/kvoptions.sty
Package: kvoptions 2022-06-15 v3.15 Key value format for package options (HO)
 (/usr/local/texlive/2024basic/texmf-dist/tex/latex/kvsetkeys/kvsetkeys.sty
Package: kvsetkeys 2022-10-05 v1.19 Key value parser (HO)
)) (/usr/local/texlive/2024basic/texmf-dist/tex/latex/logreq/logreq.sty
Package: logreq 2010/08/04 v1.0 xml request logger
\lrq@indent=\count310
 (/usr/local/texlive/2024basic/texmf-dist/tex/latex/logreq/logreq.def
File: logreq.def 2010/08/04 v1.0 logreq spec v1.0
)) (/usr/local/texlive/2024basic/texmf-dist/tex/latex/base/ifthen.sty
Package: ifthen 2024/03/16 v1.1e Standard LaTeX ifthen package (DPC)
) (/usr/local/texlive/2024basic/texmf-dist/tex/latex/url/url.sty
\Urlmuskip=\muskip18
Package: url 2013/09/16  ver 3.4  Verb mode for urls, etc.
)
\c@tabx@nest=\count311
\c@listtotal=\count312
\c@listcount=\count313
\c@liststart=\count314
\c@liststop=\count315
\c@citecount=\count316
\c@citetotal=\count317
\c@multicitecount=\count318
\c@multicitetotal=\count319
\c@instcount=\count320
\c@maxnames=\count321
\c@minnames=\count322
\c@maxitems=\count323
\c@minitems=\count324
\c@citecounter=\count325
\c@maxcitecounter=\count326
\c@savedcitecounter=\count327
\c@uniquelist=\count328
\c@uniquename=\count329
\c@refsection=\count330
\c@refsegment=\count331
\c@maxextratitle=\count332
\c@maxextratitleyear=\count333
\c@maxextraname=\count334
\c@maxextradate=\count335
\c@maxextraalpha=\count336
\c@abbrvpenalty=\count337
\c@highnamepenalty=\count338
\c@lownamepenalty=\count339
\c@maxparens=\count340
\c@parenlevel=\count341
\blx@tempcnta=\count342
\blx@tempcntb=\count343
\blx@tempcntc=\count344
\c@blx@maxsection=\count345
\blx@maxsegment@0=\count346
\blx@notetype=\count347
\blx@parenlevel@text=\count348
\blx@parenlevel@foot=\count349
\blx@sectionciteorder@0=\count350
\blx@sectionciteorderinternal@0=\count351
\blx@entrysetcounter=\count352
\blx@biblioinstance=\count353
\labelnumberwidth=\skip67
\labelalphawidth=\skip68
\biblabelsep=\skip69
\bibitemsep=\skip70
\bibnamesep=\skip71
\bibinitsep=\skip72
\bibparsep=\skip73
\bibhang=\skip74
\blx@bcfin=\read3
\blx@bcfout=\write4
\blx@langwohyphens=\language25
\c@mincomprange=\count354
\c@maxcomprange=\count355
\c@mincompwidth=\count356
Package biblatex Info: Trying to load biblatex default data model...
Package biblatex Info: ... file 'blx-dm.def' found.
 (/usr/local/texlive/2024basic/texmf-dist/tex/latex/biblatex/blx-dm.def
File: blx-dm.def 2024/03/21 v3.20 biblatex datamodel (PK/MW)
)
Package biblatex Info: Trying to load biblatex style data model...
Package biblatex Info: ... file 'apa.dbx' found.
 (/usr/local/texlive/2024basic/texmf-dist/tex/latex/biblatex-apa/apa.dbx
File: apa.dbx 2023/03/20 v9.17 APA biblatex style data model
)
Package biblatex Info: Trying to load biblatex custom data model...
Package biblatex Info: ... file 'biblatex-dm.cfg' not found.
\c@afterword=\count357
\c@savedafterword=\count358
\c@annotator=\count359
\c@savedannotator=\count360
\c@author=\count361
\c@savedauthor=\count362
\c@bookauthor=\count363
\c@savedbookauthor=\count364
\c@commentator=\count365
\c@savedcommentator=\count366
\c@editor=\count367
\c@savededitor=\count368
\c@editora=\count369
\c@savededitora=\count370
\c@editorb=\count371
\c@savededitorb=\count372
\c@editorc=\count373
\c@savededitorc=\count374
\c@foreword=\count375
\c@savedforeword=\count376
\c@holder=\count377
\c@savedholder=\count378
\c@introduction=\count379
\c@savedintroduction=\count380
\c@namea=\count381
\c@savednamea=\count382
\c@nameb=\count383
\c@savednameb=\count384
\c@namec=\count385
\c@savednamec=\count386
\c@translator=\count387
\c@savedtranslator=\count388
\c@shortauthor=\count389
\c@savedshortauthor=\count390
\c@shorteditor=\count391
\c@savedshorteditor=\count392
\c@narrator=\count393
\c@savednarrator=\count394
\c@execproducer=\count395
\c@savedexecproducer=\count396
\c@execdirector=\count397
\c@savedexecdirector=\count398
\c@with=\count399
\c@savedwith=\count400
\c@labelname=\count401
\c@savedlabelname=\count402
\c@institution=\count403
\c@savedinstitution=\count404
\c@lista=\count405
\c@savedlista=\count406
\c@listb=\count407
\c@savedlistb=\count408
\c@listc=\count409
\c@savedlistc=\count410
\c@listd=\count411
\c@savedlistd=\count412
\c@liste=\count413
\c@savedliste=\count414
\c@listf=\count415
\c@savedlistf=\count416
\c@location=\count417
\c@savedlocation=\count418
\c@organization=\count419
\c@savedorganization=\count420
\c@origlocation=\count421
\c@savedoriglocation=\count422
\c@origpublisher=\count423
\c@savedorigpublisher=\count424
\c@publisher=\count425
\c@savedpublisher=\count426
\c@language=\count427
\c@savedlanguage=\count428
\c@origlanguage=\count429
\c@savedoriglanguage=\count430
\c@citation=\count431
\c@savedcitation=\count432
\c@pageref=\count433
\c@savedpageref=\count434
\shorthandwidth=\skip75
\shortjournalwidth=\skip76
\shortserieswidth=\skip77
\shorttitlewidth=\skip78
\shortauthorwidth=\skip79
\shorteditorwidth=\skip80
\locallabelnumberwidth=\skip81
\locallabelalphawidth=\skip82
\localshorthandwidth=\skip83
\localshortjournalwidth=\skip84
\localshortserieswidth=\skip85
\localshorttitlewidth=\skip86
\localshortauthorwidth=\skip87
\localshorteditorwidth=\skip88
Package biblatex Info: Trying to load compatibility code...
Package biblatex Info: ... file 'blx-compat.def' found.
 (/usr/local/texlive/2024basic/texmf-dist/tex/latex/biblatex/blx-compat.def
File: blx-compat.def 2024/03/21 v3.20 biblatex compatibility (PK/MW)
)
Package biblatex Info: Trying to load generic definitions...
Package biblatex Info: ... file 'biblatex.def' found.
 (/usr/local/texlive/2024basic/texmf-dist/tex/latex/biblatex/biblatex.def
File: biblatex.def 2024/03/21 v3.20 biblatex compatibility (PK/MW)
\c@textcitecount=\count435
\c@textcitetotal=\count436
\c@textcitemaxnames=\count437
\c@biburlbigbreakpenalty=\count438
\c@biburlbreakpenalty=\count439
\c@biburlnumpenalty=\count440
\c@biburlucpenalty=\count441
\c@biburllcpenalty=\count442
\biburlbigskip=\muskip19
\biburlnumskip=\muskip20
\biburlucskip=\muskip21
\biburllcskip=\muskip22
\c@smartand=\count443
)
Package biblatex Info: Trying to load bibliography style 'apa'...
Package biblatex Info: ... file 'apa.bbx' found.
 (/usr/local/texlive/2024basic/texmf-dist/tex/latex/biblatex-apa/apa.bbx
File: apa.bbx 2023/03/20 v9.17 APA biblatex references style
Package biblatex Info: Trying to load bibliography style 'standard'...
Package biblatex Info: ... file 'standard.bbx' found.
 (/usr/local/texlive/2024basic/texmf-dist/tex/latex/biblatex/bbx/standard.bbx
File: standard.bbx 2024/03/21 v3.20 biblatex bibliography style (PK/MW)
\c@bbx:relatedcount=\count444
\c@bbx:relatedtotal=\count445
)
Package biblatex Info: Delimiter 'nameyeardelim' in context 'bib' already defined, overwriting.
Package biblatex Info: Delimiter 'nameyeardelim' in context 'biblist' already defined, overwriting.
Package biblatex Info: Delimiter 'nonameyeardelim' in context 'bib' already defined, overwriting.
Package biblatex Info: Delimiter 'nonameyeardelim' in context 'biblist' already defined, overwriting.
)
Package biblatex Info: Trying to load citation style 'apa'...
Package biblatex Info: ... file 'apa.cbx' found.
 (/usr/local/texlive/2024basic/texmf-dist/tex/latex/biblatex-apa/apa.cbx
File: apa.cbx 2023/03/20 v9.17 APA biblatex citation style
Package biblatex Info: Delimiter 'nameyeardelim' in context '' already defined, overwriting.
Package biblatex Info: Delimiter 'andothersdelim' in context '' already defined, overwriting.
Package biblatex Info: Redefining '\fullcite'.
Package biblatex Info: Redefining '\citeauthor'.
Package biblatex Info: Redefining '\citeyear'.
Package biblatex Info: Redefining '\cite'.
Package biblatex Info: Redefining '\cites'.
Package biblatex Info: Redefining '\parencite'.
Package biblatex Info: Redefining '\parencites'.
Package biblatex Info: Redefining '\footcite'.
Package biblatex Info: Redefining '\footcites'.
Package biblatex Info: Redefining '\footcitetext'.
Package biblatex Info: Redefining '\footcitetexts'.
Package biblatex Info: Redefining '\smartcite'.
Package biblatex Info: Redefining '\smartcites'.
Package biblatex Info: Redefining '\textcite'.
Package biblatex Info: Redefining '\textcites'.
)
Package biblatex Info: Trying to load configuration file...
Package biblatex Info: ... file 'biblatex.cfg' found.
 (/usr/local/texlive/2024basic/texmf-dist/tex/latex/biblatex/biblatex.cfg
File: biblatex.cfg 
)
Package biblatex Info: Input encoding 'utf8' detected.
Package biblatex Info: Document encoding is UTF8 ....
 (/usr/local/texlive/2024basic/texmf-dist/tex/latex/l3kernel/expl3.sty
Package: expl3 2024-11-02 L3 programming layer (loader) 
 (/usr/local/texlive/2024basic/texmf-dist/tex/latex/l3backend/l3backend-pdftex.def
File: l3backend-pdftex.def 2024-05-08 L3 backend support: PDF output (pdfTeX)
\l__color_backend_stack_int=\count446
\l__pdf_internal_box=\box68
))
Package biblatex Info: ... and expl3
(biblatex)             2024-11-02 L3 programming layer (loader) 
(biblatex)             is new enough (at least 2020/04/06),
(biblatex)             setting 'casechanger=expl3'.
 (/usr/local/texlive/2024basic/texmf-dist/tex/latex/biblatex/blx-case-expl3.sty (/usr/local/texlive/2024basic/texmf-dist/tex/latex/l3packages/xparse/xparse.sty
Package: xparse 2024-08-16 L3 Experimental document command parser
)
Package: blx-case-expl3 2024/03/21 v3.20 expl3 case changing code for biblatex
))
\@quotelevel=\count447
\@quotereset=\count448
 (./main.aux)
\openout1 = `main.aux'.

LaTeX Font Info:    Checking defaults for OML/cmm/m/it on input line 65.
LaTeX Font Info:    ... okay on input line 65.
LaTeX Font Info:    Checking defaults for OMS/cmsy/m/n on input line 65.
LaTeX Font Info:    ... okay on input line 65.
LaTeX Font Info:    Checking defaults for OT1/cmr/m/n on input line 65.
LaTeX Font Info:    ... okay on input line 65.
LaTeX Font Info:    Checking defaults for T1/cmr/m/n on input line 65.
LaTeX Font Info:    ... okay on input line 65.
LaTeX Font Info:    Checking defaults for TS1/cmr/m/n on input line 65.
LaTeX Font Info:    ... okay on input line 65.
LaTeX Font Info:    Checking defaults for OMX/cmex/m/n on input line 65.
LaTeX Font Info:    ... okay on input line 65.
LaTeX Font Info:    Checking defaults for U/cmr/m/n on input line 65.
LaTeX Font Info:    ... okay on input line 65.
 (/usr/local/texlive/2024basic/texmf-dist/tex/context/base/mkii/supp-pdf.mkii
[Loading MPS to PDF converter (version 2006.09.02).]
\scratchcounter=\count449
\scratchdimen=\dimen289
\scratchbox=\box69
\nofMPsegments=\count450
\nofMParguments=\count451
\everyMPshowfont=\toks41
\MPscratchCnt=\count452
\MPscratchDim=\dimen290
\MPnumerator=\count453
\makeMPintoPDFobject=\count454
\everyMPtoPDFconversion=\toks42
) (/usr/local/texlive/2024basic/texmf-dist/tex/latex/epstopdf-pkg/epstopdf-base.sty
Package: epstopdf-base 2020-01-24 v2.11 Base part for package epstopdf
Package epstopdf-base Info: Redefining graphics rule for `.eps' on input line 485.
 (/usr/local/texlive/2024basic/texmf-dist/tex/latex/latexconfig/epstopdf-sys.cfg
File: epstopdf-sys.cfg 2010/07/13 v1.3 Configuration of (r)epstopdf for TeX Live
))
*geometry* driver: auto-detecting
*geometry* detected driver: pdftex
*geometry* verbose mode - [ preamble ] result:
* driver: pdftex
* paper: letterpaper
* layout: <same size as paper>
* layoutoffset:(h,v)=(0.0pt,0.0pt)
* modes: 
* h-part:(L,W,R)=(86.72377pt, 440.84746pt, 86.72377pt)
* v-part:(T,H,B)=(144.54pt, 578.16pt, 72.26999pt)
* \paperwidth=614.295pt
* \paperheight=794.96999pt
* \textwidth=440.84746pt
* \textheight=578.16pt
* \oddsidemargin=14.45378pt
* \evensidemargin=14.45378pt
* \topmargin=-52.73pt
* \headheight=95.0pt
* \headsep=30.0pt
* \topskip=12.0pt
* \footskip=30.0pt
* \marginparwidth=44.0pt
* \marginparsep=10.0pt
* \columnsep=10.0pt
* \skip\footins=10.8pt plus 4.0pt minus 2.0pt
* \hoffset=0.0pt
* \voffset=0.0pt
* \mag=1000
* \@twocolumnfalse
* \@twosidefalse
* \@mparswitchfalse
* \@reversemarginfalse
* (1in=72.27pt=25.4mm, 1cm=28.453pt)

Package caption Info: Begin \AtBeginDocument code.
Package caption Info: End \AtBeginDocument code.
Package biblatex Info: Trying to load language 'english' -> 'english-apa'...
Package biblatex Info: ... file 'english-apa.lbx' found.
(/usr/local/texlive/2024basic/texmf-dist/tex/latex/biblatex-apa/english-apa.lbx
File: english-apa.lbx 2023/03/20 v9.17 APA biblatex localisation
Package biblatex Info: Trying to load language 'english'...
Package biblatex Info: ... file 'english.lbx' found.
 (/usr/local/texlive/2024basic/texmf-dist/tex/latex/biblatex/lbx/english.lbx
File: english.lbx 2024/03/21 v3.20 biblatex localization (PK/MW)
)
Package biblatex Info: Trying to load language 'american' -> 'american-apa'...
Package biblatex Info: ... file 'american-apa.lbx' found.
 (/usr/local/texlive/2024basic/texmf-dist/tex/latex/biblatex-apa/american-apa.lbx
File: american-apa.lbx 2023/03/20 v9.17 APA biblatex localisation
Package biblatex Info: Trying to load language 'american'...
Package biblatex Info: ... file 'american.lbx' found.
 (/usr/local/texlive/2024basic/texmf-dist/tex/latex/biblatex/lbx/american.lbx
File: american.lbx 2024/03/21 v3.20 biblatex localization (PK/MW)
Package biblatex Info: Trying to load language 'english'...
Package biblatex Info: ... file 'english.lbx' found.
 (/usr/local/texlive/2024basic/texmf-dist/tex/latex/biblatex/lbx/english.lbx
File: english.lbx 2024/03/21 v3.20 biblatex localization (PK/MW)
))))
Package biblatex Info: Input encoding 'utf8' detected.
Package biblatex Info: Automatic encoding selection.
(biblatex)             Assuming data encoding 'utf8'.
\openout4 = `main.bcf'.

Package biblatex Info: Trying to load bibliographic data...
Package biblatex Info: ... file 'main.bbl' found.
 (./main.bbl

Package biblatex Warning: The following entry could not be found
(biblatex)                in the database:
(biblatex)                Cummings2017
(biblatex)                Please verify the spelling and rerun
(biblatex)                LaTeX afterwards.

)
Package biblatex Info: Reference section=0 on input line 65.
Package biblatex Info: Reference segment=0 on input line 65.


<PUPLogo.png, id=4, 183.084pt x 183.084pt>
File: PUPLogo.png Graphic file (type png)
<use PUPLogo.png>
Package pdftex.def Info: PUPLogo.png  used on input line 89.
(pdftex.def)             Requested size: 50.0pt x 49.99765pt.
LaTeX Font Info:    Trying to load font information for U+msa on input line 89.
(/usr/local/texlive/2024basic/texmf-dist/tex/latex/amsfonts/umsa.fd
File: umsa.fd 2013/01/14 v3.01 AMS symbols A
)
LaTeX Font Info:    Trying to load font information for U+msb on input line 89.
 (/usr/local/texlive/2024basic/texmf-dist/tex/latex/amsfonts/umsb.fd
File: umsb.fd 2013/01/14 v3.01 AMS symbols B
)

Package fancyhdr Warning: \headheight is too small (95.0pt): 
(fancyhdr)                Make it at least 98.06946pt, for example:
(fancyhdr)                \setlength{\headheight}{98.06946pt}.
(fancyhdr)                You might also make \topmargin smaller to compensate:
(fancyhdr)                \addtolength{\topmargin}{-3.06946pt}.

[1{/usr/local/texlive/2024basic/texmf-var/fonts/map/pdftex/updmap/pdftex.map}

 <./PUPLogo.png>]
*geometry* verbose mode - [ newgeometry ] result:
* driver: pdftex
* paper: letterpaper
* layout: <same size as paper>
* layoutoffset:(h,v)=(0.0pt,0.0pt)
* modes: 
* h-part:(L,W,R)=(86.72377pt, 440.84746pt, 86.72377pt)
* v-part:(T,H,B)=(144.54pt, 578.16pt, 72.26999pt)
* \paperwidth=614.295pt
* \paperheight=794.96999pt
* \textwidth=440.84746pt
* \textheight=578.16pt
* \oddsidemargin=14.45378pt
* \evensidemargin=14.45378pt
* \topmargin=-52.73pt
* \headheight=95.0pt
* \headsep=30.0pt
* \topskip=12.0pt
* \footskip=30.0pt
* \marginparwidth=44.0pt
* \marginparsep=10.0pt
* \columnsep=10.0pt
* \skip\footins=10.8pt plus 4.0pt minus 2.0pt
* \hoffset=0.0pt
* \voffset=0.0pt
* \mag=1000
* \@twocolumnfalse
* \@twosidefalse
* \@mparswitchfalse
* \@reversemarginfalse
* (1in=72.27pt=25.4mm, 1cm=28.453pt)

 (./main.toc

File: PUPLogo.png Graphic file (type png)
<use PUPLogo.png>
Package pdftex.def Info: PUPLogo.png  used on input line 20.
(pdftex.def)             Requested size: 50.0pt x 49.99765pt.

Package fancyhdr Warning: \headheight is too small (95.0pt): 
(fancyhdr)                Make it at least 98.06946pt, for example:
(fancyhdr)                \setlength{\headheight}{98.06946pt}.
(fancyhdr)                You might also make \topmargin smaller to compensate:
(fancyhdr)                \addtolength{\topmargin}{-3.06946pt}.

[1

]

File: PUPLogo.png Graphic file (type png)
<use PUPLogo.png>
Package pdftex.def Info: PUPLogo.png  used on input line 41.
(pdftex.def)             Requested size: 50.0pt x 49.99765pt.

Package fancyhdr Warning: \headheight is too small (95.0pt): 
(fancyhdr)                Make it at least 98.06946pt, for example:
(fancyhdr)                \setlength{\headheight}{98.06946pt}.
(fancyhdr)                You might also make \topmargin smaller to compensate:
(fancyhdr)                \addtolength{\topmargin}{-3.06946pt}.

[2])
\tf@toc=\write5
\openout5 = `main.toc'.



File: PUPLogo.png Graphic file (type png)
<use PUPLogo.png>
Package pdftex.def Info: PUPLogo.png  used on input line 99.
(pdftex.def)             Requested size: 50.0pt x 49.99765pt.

Package fancyhdr Warning: \headheight is too small (95.0pt): 
(fancyhdr)                Make it at least 98.06946pt, for example:
(fancyhdr)                \setlength{\headheight}{98.06946pt}.
(fancyhdr)                You might also make \topmargin smaller to compensate:
(fancyhdr)                \addtolength{\topmargin}{-3.06946pt}.

[3]

File: PUPLogo.png Graphic file (type png)
<use PUPLogo.png>
Package pdftex.def Info: PUPLogo.png  used on input line 133.
(pdftex.def)             Requested size: 50.0pt x 49.99765pt.

Package fancyhdr Warning: \headheight is too small (95.0pt): 
(fancyhdr)                Make it at least 98.06946pt, for example:
(fancyhdr)                \setlength{\headheight}{98.06946pt}.
(fancyhdr)                You might also make \topmargin smaller to compensate:
(fancyhdr)                \addtolength{\topmargin}{-3.06946pt}.

[1

]

File: PUPLogo.png Graphic file (type png)
<use PUPLogo.png>
Package pdftex.def Info: PUPLogo.png  used on input line 145.
(pdftex.def)             Requested size: 50.0pt x 49.99765pt.

Package fancyhdr Warning: \headheight is too small (95.0pt): 
(fancyhdr)                Make it at least 98.06946pt, for example:
(fancyhdr)                \setlength{\headheight}{98.06946pt}.
(fancyhdr)                You might also make \topmargin smaller to compensate:
(fancyhdr)                \addtolength{\topmargin}{-3.06946pt}.

[2]

File: PUPLogo.png Graphic file (type png)
<use PUPLogo.png>
Package pdftex.def Info: PUPLogo.png  used on input line 169.
(pdftex.def)             Requested size: 50.0pt x 49.99765pt.

Package fancyhdr Warning: \headheight is too small (95.0pt): 
(fancyhdr)                Make it at least 98.06946pt, for example:
(fancyhdr)                \setlength{\headheight}{98.06946pt}.
(fancyhdr)                You might also make \topmargin smaller to compensate:
(fancyhdr)                \addtolength{\topmargin}{-3.06946pt}.

[3]

File: PUPLogo.png Graphic file (type png)
<use PUPLogo.png>
Package pdftex.def Info: PUPLogo.png  used on input line 191.
(pdftex.def)             Requested size: 50.0pt x 49.99765pt.

Package fancyhdr Warning: \headheight is too small (95.0pt): 
(fancyhdr)                Make it at least 98.06946pt, for example:
(fancyhdr)                \setlength{\headheight}{98.06946pt}.
(fancyhdr)                You might also make \topmargin smaller to compensate:
(fancyhdr)                \addtolength{\topmargin}{-3.06946pt}.

[4]

File: PUPLogo.png Graphic file (type png)
<use PUPLogo.png>
Package pdftex.def Info: PUPLogo.png  used on input line 206.
(pdftex.def)             Requested size: 50.0pt x 49.99765pt.

Package fancyhdr Warning: \headheight is too small (95.0pt): 
(fancyhdr)                Make it at least 98.06946pt, for example:
(fancyhdr)                \setlength{\headheight}{98.06946pt}.
(fancyhdr)                You might also make \topmargin smaller to compensate:
(fancyhdr)                \addtolength{\topmargin}{-3.06946pt}.

[5]

File: PUPLogo.png Graphic file (type png)
<use PUPLogo.png>
Package pdftex.def Info: PUPLogo.png  used on input line 209.
(pdftex.def)             Requested size: 50.0pt x 49.99765pt.

Package fancyhdr Warning: \headheight is too small (95.0pt): 
(fancyhdr)                Make it at least 98.06946pt, for example:
(fancyhdr)                \setlength{\headheight}{98.06946pt}.
(fancyhdr)                You might also make \topmargin smaller to compensate:
(fancyhdr)                \addtolength{\topmargin}{-3.06946pt}.

[6]

File: PUPLogo.png Graphic file (type png)
<use PUPLogo.png>
Package pdftex.def Info: PUPLogo.png  used on input line 229.
(pdftex.def)             Requested size: 50.0pt x 49.99765pt.

Package fancyhdr Warning: \headheight is too small (95.0pt): 
(fancyhdr)                Make it at least 98.06946pt, for example:
(fancyhdr)                \setlength{\headheight}{98.06946pt}.
(fancyhdr)                You might also make \topmargin smaller to compensate:
(fancyhdr)                \addtolength{\topmargin}{-3.06946pt}.

[7]

LaTeX Warning: Citation 'Cummings2017' on page 8 undefined on input line 239.



File: PUPLogo.png Graphic file (type png)
<use PUPLogo.png>
Package pdftex.def Info: PUPLogo.png  used on input line 240.
(pdftex.def)             Requested size: 50.0pt x 49.99765pt.

Package fancyhdr Warning: \headheight is too small (95.0pt): 
(fancyhdr)                Make it at least 98.06946pt, for example:
(fancyhdr)                \setlength{\headheight}{98.06946pt}.
(fancyhdr)                You might also make \topmargin smaller to compensate:
(fancyhdr)                \addtolength{\topmargin}{-3.06946pt}.

[8]
Overfull \hbox (7.87367pt too wide) in paragraph at lines 244--246
[]\OT1/cmr/m/n/12 Linear Dis-crim-i-nant Anal-y-sis (LDA) and Quadratic Dis-crim-i-nant Anal-y-sis (QDA)
 []



File: PUPLogo.png Graphic file (type png)
<use PUPLogo.png>
Package pdftex.def Info: PUPLogo.png  used on input line 253.
(pdftex.def)             Requested size: 50.0pt x 49.99765pt.

Package fancyhdr Warning: \headheight is too small (95.0pt): 
(fancyhdr)                Make it at least 98.06946pt, for example:
(fancyhdr)                \setlength{\headheight}{98.06946pt}.
(fancyhdr)                You might also make \topmargin smaller to compensate:
(fancyhdr)                \addtolength{\topmargin}{-3.06946pt}.

[9]

File: PUPLogo.png Graphic file (type png)
<use PUPLogo.png>
Package pdftex.def Info: PUPLogo.png  used on input line 264.
(pdftex.def)             Requested size: 50.0pt x 49.99765pt.

Package fancyhdr Warning: \headheight is too small (95.0pt): 
(fancyhdr)                Make it at least 98.06946pt, for example:
(fancyhdr)                \setlength{\headheight}{98.06946pt}.
(fancyhdr)                You might also make \topmargin smaller to compensate:
(fancyhdr)                \addtolength{\topmargin}{-3.06946pt}.

[10]

File: PUPLogo.png Graphic file (type png)
<use PUPLogo.png>
Package pdftex.def Info: PUPLogo.png  used on input line 281.
(pdftex.def)             Requested size: 50.0pt x 49.99765pt.

Package fancyhdr Warning: \headheight is too small (95.0pt): 
(fancyhdr)                Make it at least 98.06946pt, for example:
(fancyhdr)                \setlength{\headheight}{98.06946pt}.
(fancyhdr)                You might also make \topmargin smaller to compensate:
(fancyhdr)                \addtolength{\topmargin}{-3.06946pt}.

[11]

File: PUPLogo.png Graphic file (type png)
<use PUPLogo.png>
Package pdftex.def Info: PUPLogo.png  used on input line 293.
(pdftex.def)             Requested size: 50.0pt x 49.99765pt.

Package fancyhdr Warning: \headheight is too small (95.0pt): 
(fancyhdr)                Make it at least 98.06946pt, for example:
(fancyhdr)                \setlength{\headheight}{98.06946pt}.
(fancyhdr)                You might also make \topmargin smaller to compensate:
(fancyhdr)                \addtolength{\topmargin}{-3.06946pt}.

[12]

File: PUPLogo.png Graphic file (type png)
<use PUPLogo.png>
Package pdftex.def Info: PUPLogo.png  used on input line 296.
(pdftex.def)             Requested size: 50.0pt x 49.99765pt.

Package fancyhdr Warning: \headheight is too small (95.0pt): 
(fancyhdr)                Make it at least 98.06946pt, for example:
(fancyhdr)                \setlength{\headheight}{98.06946pt}.
(fancyhdr)                You might also make \topmargin smaller to compensate:
(fancyhdr)                \addtolength{\topmargin}{-3.06946pt}.

[13]
Underfull \hbox (badness 10000) in paragraph at lines 313--315

 []



File: PUPLogo.png Graphic file (type png)
<use PUPLogo.png>
Package pdftex.def Info: PUPLogo.png  used on input line 319.
(pdftex.def)             Requested size: 50.0pt x 49.99765pt.

Package fancyhdr Warning: \headheight is too small (95.0pt): 
(fancyhdr)                Make it at least 98.06946pt, for example:
(fancyhdr)                \setlength{\headheight}{98.06946pt}.
(fancyhdr)                You might also make \topmargin smaller to compensate:
(fancyhdr)                \addtolength{\topmargin}{-3.06946pt}.

[14]

File: PUPLogo.png Graphic file (type png)
<use PUPLogo.png>
Package pdftex.def Info: PUPLogo.png  used on input line 363.
(pdftex.def)             Requested size: 50.0pt x 49.99765pt.

Package fancyhdr Warning: \headheight is too small (95.0pt): 
(fancyhdr)                Make it at least 98.06946pt, for example:
(fancyhdr)                \setlength{\headheight}{98.06946pt}.
(fancyhdr)                You might also make \topmargin smaller to compensate:
(fancyhdr)                \addtolength{\topmargin}{-3.06946pt}.

[15]

File: PUPLogo.png Graphic file (type png)
<use PUPLogo.png>
Package pdftex.def Info: PUPLogo.png  used on input line 378.
(pdftex.def)             Requested size: 50.0pt x 49.99765pt.

Package fancyhdr Warning: \headheight is too small (95.0pt): 
(fancyhdr)                Make it at least 98.06946pt, for example:
(fancyhdr)                \setlength{\headheight}{98.06946pt}.
(fancyhdr)                You might also make \topmargin smaller to compensate:
(fancyhdr)                \addtolength{\topmargin}{-3.06946pt}.

[16]

File: PUPLogo.png Graphic file (type png)
<use PUPLogo.png>
Package pdftex.def Info: PUPLogo.png  used on input line 397.
(pdftex.def)             Requested size: 50.0pt x 49.99765pt.

Package fancyhdr Warning: \headheight is too small (95.0pt): 
(fancyhdr)                Make it at least 98.06946pt, for example:
(fancyhdr)                \setlength{\headheight}{98.06946pt}.
(fancyhdr)                You might also make \topmargin smaller to compensate:
(fancyhdr)                \addtolength{\topmargin}{-3.06946pt}.

[17]

File: PUPLogo.png Graphic file (type png)
<use PUPLogo.png>
Package pdftex.def Info: PUPLogo.png  used on input line 401.
(pdftex.def)             Requested size: 50.0pt x 49.99765pt.

Package fancyhdr Warning: \headheight is too small (95.0pt): 
(fancyhdr)                Make it at least 98.06946pt, for example:
(fancyhdr)                \setlength{\headheight}{98.06946pt}.
(fancyhdr)                You might also make \topmargin smaller to compensate:
(fancyhdr)                \addtolength{\topmargin}{-3.06946pt}.

[18]
<QQ_Lifestyle.png, id=84, 1003.75pt x 893.3375pt>
File: QQ_Lifestyle.png Graphic file (type png)
<use QQ_Lifestyle.png>
Package pdftex.def Info: QQ_Lifestyle.png  used on input line 410.
(pdftex.def)             Requested size: 352.6793pt x 313.88599pt.
<QQ_Clinical Measures.png, id=85, 1003.75pt x 893.3375pt>
File: QQ_Clinical Measures.png Graphic file (type png)
<use QQ_Clinical Measures.png>
Package pdftex.def Info: QQ_Clinical Measures.png  used on input line 419.
(pdftex.def)             Requested size: 352.6793pt x 313.88599pt.


File: PUPLogo.png Graphic file (type png)
<use PUPLogo.png>
Package pdftex.def Info: PUPLogo.png  used on input line 420.
(pdftex.def)             Requested size: 50.0pt x 49.99765pt.

Package fancyhdr Warning: \headheight is too small (95.0pt): 
(fancyhdr)                Make it at least 98.06946pt, for example:
(fancyhdr)                \setlength{\headheight}{98.06946pt}.
(fancyhdr)                You might also make \topmargin smaller to compensate:
(fancyhdr)                \addtolength{\topmargin}{-3.06946pt}.

[19 <./QQ_Lifestyle.png>]
<QQ_Cog and Funcs.png, id=90, 1003.75pt x 893.3375pt>
File: QQ_Cog and Funcs.png Graphic file (type png)
<use QQ_Cog and Funcs.png>
Package pdftex.def Info: QQ_Cog and Funcs.png  used on input line 428.
(pdftex.def)             Requested size: 352.6793pt x 313.88599pt.


File: PUPLogo.png Graphic file (type png)
<use PUPLogo.png>
Package pdftex.def Info: PUPLogo.png  used on input line 429.
(pdftex.def)             Requested size: 50.0pt x 49.99765pt.

Package fancyhdr Warning: \headheight is too small (95.0pt): 
(fancyhdr)                Make it at least 98.06946pt, for example:
(fancyhdr)                \setlength{\headheight}{98.06946pt}.
(fancyhdr)                You might also make \topmargin smaller to compensate:
(fancyhdr)                \addtolength{\topmargin}{-3.06946pt}.

[20 <./QQ_Clinical Measures.png>]

File: PUPLogo.png Graphic file (type png)
<use PUPLogo.png>
Package pdftex.def Info: PUPLogo.png  used on input line 453.
(pdftex.def)             Requested size: 50.0pt x 49.99765pt.

Package fancyhdr Warning: \headheight is too small (95.0pt): 
(fancyhdr)                Make it at least 98.06946pt, for example:
(fancyhdr)                \setlength{\headheight}{98.06946pt}.
(fancyhdr)                You might also make \topmargin smaller to compensate:
(fancyhdr)                \addtolength{\topmargin}{-3.06946pt}.

[21 <./QQ_Cog and Funcs.png>]
<Lifestyle Distributions.png, id=102, 1606.0pt x 893.3375pt>
File: Lifestyle Distributions.png Graphic file (type png)
<use Lifestyle Distributions.png>
Package pdftex.def Info: Lifestyle Distributions.png  used on input line 459.
(pdftex.def)             Requested size: 352.6793pt x 196.18044pt.


File: PUPLogo.png Graphic file (type png)
<use PUPLogo.png>
Package pdftex.def Info: PUPLogo.png  used on input line 467.
(pdftex.def)             Requested size: 50.0pt x 49.99765pt.

Package fancyhdr Warning: \headheight is too small (95.0pt): 
(fancyhdr)                Make it at least 98.06946pt, for example:
(fancyhdr)                \setlength{\headheight}{98.06946pt}.
(fancyhdr)                You might also make \topmargin smaller to compensate:
(fancyhdr)                \addtolength{\topmargin}{-3.06946pt}.

[22 <./Lifestyle Distributions.png>]
<Clinical Measures Distribution.png, id=107, 1606.0pt x 893.3375pt>
File: Clinical Measures Distribution.png Graphic file (type png)
<use Clinical Measures Distribution.png>
Package pdftex.def Info: Clinical Measures Distribution.png  used on input line 473.
(pdftex.def)             Requested size: 352.6793pt x 196.18044pt.


File: PUPLogo.png Graphic file (type png)
<use PUPLogo.png>
Package pdftex.def Info: PUPLogo.png  used on input line 482.
(pdftex.def)             Requested size: 50.0pt x 49.99765pt.

Package fancyhdr Warning: \headheight is too small (95.0pt): 
(fancyhdr)                Make it at least 98.06946pt, for example:
(fancyhdr)                \setlength{\headheight}{98.06946pt}.
(fancyhdr)                You might also make \topmargin smaller to compensate:
(fancyhdr)                \addtolength{\topmargin}{-3.06946pt}.

[23 <./Clinical Measures Distribution.png>]
<Cognitive and Functional Distributions.png, id=112, 1606.0pt x 602.25pt>
File: Cognitive and Functional Distributions.png Graphic file (type png)
<use Cognitive and Functional Distributions.png>
Package pdftex.def Info: Cognitive and Functional Distributions.png  used on input line 483.
(pdftex.def)             Requested size: 352.6793pt x 132.25647pt.
<PartitionLDA.png, id=113, 4818.0pt x 4818.0pt>
File: PartitionLDA.png Graphic file (type png)
<use PartitionLDA.png>
Package pdftex.def Info: PartitionLDA.png  used on input line 496.
(pdftex.def)             Requested size: 352.6793pt x 352.65945pt.


File: PUPLogo.png Graphic file (type png)
<use PUPLogo.png>
Package pdftex.def Info: PUPLogo.png  used on input line 497.
(pdftex.def)             Requested size: 50.0pt x 49.99765pt.

Package fancyhdr Warning: \headheight is too small (95.0pt): 
(fancyhdr)                Make it at least 98.06946pt, for example:
(fancyhdr)                \setlength{\headheight}{98.06946pt}.
(fancyhdr)                You might also make \topmargin smaller to compensate:
(fancyhdr)                \addtolength{\topmargin}{-3.06946pt}.

[24 <./Cognitive and Functional Distributions.png>]

File: PUPLogo.png Graphic file (type png)
<use PUPLogo.png>
Package pdftex.def Info: PUPLogo.png  used on input line 507.
(pdftex.def)             Requested size: 50.0pt x 49.99765pt.

Package fancyhdr Warning: \headheight is too small (95.0pt): 
(fancyhdr)                Make it at least 98.06946pt, for example:
(fancyhdr)                \setlength{\headheight}{98.06946pt}.
(fancyhdr)                You might also make \topmargin smaller to compensate:
(fancyhdr)                \addtolength{\topmargin}{-3.06946pt}.

[25 <./PartitionLDA.png (PNG copy)>]
<PartitionQDA.png, id=121, 4818.0pt x 4818.0pt>
File: PartitionQDA.png Graphic file (type png)
<use PartitionQDA.png>
Package pdftex.def Info: PartitionQDA.png  used on input line 508.
(pdftex.def)             Requested size: 352.6793pt x 352.65945pt.


File: PUPLogo.png Graphic file (type png)
<use PUPLogo.png>
Package pdftex.def Info: PUPLogo.png  used on input line 515.
(pdftex.def)             Requested size: 50.0pt x 49.99765pt.

Package fancyhdr Warning: \headheight is too small (95.0pt): 
(fancyhdr)                Make it at least 98.06946pt, for example:
(fancyhdr)                \setlength{\headheight}{98.06946pt}.
(fancyhdr)                You might also make \topmargin smaller to compensate:
(fancyhdr)                \addtolength{\topmargin}{-3.06946pt}.

[26 <./PartitionQDA.png (PNG copy)>]
<Required Number of Features.png, id=125, 1606.0pt x 893.3375pt>
File: Required Number of Features.png Graphic file (type png)
<use Required Number of Features.png>
Package pdftex.def Info: Required Number of Features.png  used on input line 520.
(pdftex.def)             Requested size: 352.6793pt x 196.18044pt.


File: PUPLogo.png Graphic file (type png)
<use PUPLogo.png>
Package pdftex.def Info: PUPLogo.png  used on input line 529.
(pdftex.def)             Requested size: 50.0pt x 49.99765pt.

Package fancyhdr Warning: \headheight is too small (95.0pt): 
(fancyhdr)                Make it at least 98.06946pt, for example:
(fancyhdr)                \setlength{\headheight}{98.06946pt}.
(fancyhdr)                You might also make \topmargin smaller to compensate:
(fancyhdr)                \addtolength{\topmargin}{-3.06946pt}.

[27 <./Required Number of Features.png>]
<RFE Feature Selection.png, id=131, 1606.0pt x 893.3375pt>
File: RFE Feature Selection.png Graphic file (type png)
<use RFE Feature Selection.png>
Package pdftex.def Info: RFE Feature Selection.png  used on input line 530.
(pdftex.def)             Requested size: 352.6793pt x 196.18044pt.
<LDA_RFE.png, id=132, 540.51938pt x 214.55156pt>
File: LDA_RFE.png Graphic file (type png)
<use LDA_RFE.png>
Package pdftex.def Info: LDA_RFE.png  used on input line 540.
(pdftex.def)             Requested size: 352.6793pt x 139.99374pt.


File: PUPLogo.png Graphic file (type png)
<use PUPLogo.png>
Package pdftex.def Info: PUPLogo.png  used on input line 541.
(pdftex.def)             Requested size: 50.0pt x 49.99765pt.

Package fancyhdr Warning: \headheight is too small (95.0pt): 
(fancyhdr)                Make it at least 98.06946pt, for example:
(fancyhdr)                \setlength{\headheight}{98.06946pt}.
(fancyhdr)                You might also make \topmargin smaller to compensate:
(fancyhdr)                \addtolength{\topmargin}{-3.06946pt}.

[28 <./RFE Feature Selection.png>]
<QDA_RFE.png, id=137, 540.51938pt x 214.55156pt>
File: QDA_RFE.png Graphic file (type png)
<use QDA_RFE.png>
Package pdftex.def Info: QDA_RFE.png  used on input line 550.
(pdftex.def)             Requested size: 352.6793pt x 139.99374pt.


File: PUPLogo.png Graphic file (type png)
<use PUPLogo.png>
Package pdftex.def Info: PUPLogo.png  used on input line 558.
(pdftex.def)             Requested size: 50.0pt x 49.99765pt.

Package fancyhdr Warning: \headheight is too small (95.0pt): 
(fancyhdr)                Make it at least 98.06946pt, for example:
(fancyhdr)                \setlength{\headheight}{98.06946pt}.
(fancyhdr)                You might also make \topmargin smaller to compensate:
(fancyhdr)                \addtolength{\topmargin}{-3.06946pt}.

[29 <./LDA_RFE.png (PNG copy)> <./QDA_RFE.png (PNG copy)>]
<Coefficient vs Log Lambda.png, id=141, 1606.0pt x 893.3375pt>
File: Coefficient vs Log Lambda.png Graphic file (type png)
<use Coefficient vs Log Lambda.png>
Package pdftex.def Info: Coefficient vs Log Lambda.png  used on input line 559.
(pdftex.def)             Requested size: 352.6793pt x 196.18044pt.
<Binomial Deviance vs Log Lambda.png, id=142, 1606.0pt x 893.3375pt>
File: Binomial Deviance vs Log Lambda.png Graphic file (type png)
<use Binomial Deviance vs Log Lambda.png>
Package pdftex.def Info: Binomial Deviance vs Log Lambda.png  used on input line 569.
(pdftex.def)             Requested size: 352.6793pt x 196.18044pt.


File: PUPLogo.png Graphic file (type png)
<use PUPLogo.png>
Package pdftex.def Info: PUPLogo.png  used on input line 570.
(pdftex.def)             Requested size: 50.0pt x 49.99765pt.

Package fancyhdr Warning: \headheight is too small (95.0pt): 
(fancyhdr)                Make it at least 98.06946pt, for example:
(fancyhdr)                \setlength{\headheight}{98.06946pt}.
(fancyhdr)                You might also make \topmargin smaller to compensate:
(fancyhdr)                \addtolength{\topmargin}{-3.06946pt}.

[30 <./Coefficient vs Log Lambda.png>]
<Lasso Feature Selection.png, id=147, 1417.295pt x 893.3375pt>
File: Lasso Feature Selection.png Graphic file (type png)
<use Lasso Feature Selection.png>
Package pdftex.def Info: Lasso Feature Selection.png  used on input line 578.
(pdftex.def)             Requested size: 352.6793pt x 222.29785pt.


File: PUPLogo.png Graphic file (type png)
<use PUPLogo.png>
Package pdftex.def Info: PUPLogo.png  used on input line 582.
(pdftex.def)             Requested size: 50.0pt x 49.99765pt.

Package fancyhdr Warning: \headheight is too small (95.0pt): 
(fancyhdr)                Make it at least 98.06946pt, for example:
(fancyhdr)                \setlength{\headheight}{98.06946pt}.
(fancyhdr)                You might also make \topmargin smaller to compensate:
(fancyhdr)                \addtolength{\topmargin}{-3.06946pt}.

[31 <./Binomial Deviance vs Log Lambda.png> <./Lasso Feature Selection.png>]
<Lasso_Reduced_LDA.png, id=153, 1606.0pt x 893.3375pt>
File: Lasso_Reduced_LDA.png Graphic file (type png)
<use Lasso_Reduced_LDA.png>
Package pdftex.def Info: Lasso_Reduced_LDA.png  used on input line 587.
(pdftex.def)             Requested size: 352.6793pt x 196.18044pt.
<Partimat_QDA_Lasso.png, id=154, 1606.0pt x 893.3375pt>
File: Partimat_QDA_Lasso.png Graphic file (type png)
<use Partimat_QDA_Lasso.png>
Package pdftex.def Info: Partimat_QDA_Lasso.png  used on input line 596.
(pdftex.def)             Requested size: 352.6793pt x 196.18044pt.


File: PUPLogo.png Graphic file (type png)
<use PUPLogo.png>
Package pdftex.def Info: PUPLogo.png  used on input line 597.
(pdftex.def)             Requested size: 50.0pt x 49.99765pt.

Package fancyhdr Warning: \headheight is too small (95.0pt): 
(fancyhdr)                Make it at least 98.06946pt, for example:
(fancyhdr)                \setlength{\headheight}{98.06946pt}.
(fancyhdr)                You might also make \topmargin smaller to compensate:
(fancyhdr)                \addtolength{\topmargin}{-3.06946pt}.

[32 <./Lasso_Reduced_LDA.png>]
<Accuracy_Line_plots.png, id=159, 1491.5725pt x 893.3375pt>
File: Accuracy_Line_plots.png Graphic file (type png)
<use Accuracy_Line_plots.png>
Package pdftex.def Info: Accuracy_Line_plots.png  used on input line 605.
(pdftex.def)             Requested size: 352.6793pt x 211.21567pt.


File: PUPLogo.png Graphic file (type png)
<use PUPLogo.png>
Package pdftex.def Info: PUPLogo.png  used on input line 613.
(pdftex.def)             Requested size: 50.0pt x 49.99765pt.

Package fancyhdr Warning: \headheight is too small (95.0pt): 
(fancyhdr)                Make it at least 98.06946pt, for example:
(fancyhdr)                \setlength{\headheight}{98.06946pt}.
(fancyhdr)                You might also make \topmargin smaller to compensate:
(fancyhdr)                \addtolength{\topmargin}{-3.06946pt}.

[33 <./Partimat_QDA_Lasso.png> <./Accuracy_Line_plots.png>]

File: PUPLogo.png Graphic file (type png)
<use PUPLogo.png>
Package pdftex.def Info: PUPLogo.png  used on input line 619.
(pdftex.def)             Requested size: 50.0pt x 49.99765pt.

Package fancyhdr Warning: \headheight is too small (95.0pt): 
(fancyhdr)                Make it at least 98.06946pt, for example:
(fancyhdr)                \setlength{\headheight}{98.06946pt}.
(fancyhdr)                You might also make \topmargin smaller to compensate:
(fancyhdr)                \addtolength{\topmargin}{-3.06946pt}.

[34]
Overfull \hbox (8.41273pt too wide) in paragraph at lines 623--623
[][]\OT1/cmr/m/n/12 Arbabshirani, M. R., Plis, S., Sui, J., & Cal-houn, V. D. (2017). A re-view on neuroimaging-
 []


Overfull \hbox (20.50256pt too wide) in paragraph at lines 623--623
\OT1/cmr/m/n/12 based clas-si-fi-ca-tion stud-ies and as-so-ci-ated fea-ture ex-trac-tion meth-ods for alzheimer's
 []


Overfull \hbox (23.16878pt too wide) in paragraph at lines 623--623
\OT1/cmr/m/n/12 net / publication / 374803499[]Alzheimer[]Disease[]Prediction[]Using[]Recursive[]Feature[]
 []


Overfull \hbox (42.46231pt too wide) in paragraph at lines 623--623
\OT1/cmr/m/n/12 researchgate . net / publication / 361057550[]A[]Functional[]Assessment[]Tool[]to[]Distinguish[]
 []



File: PUPLogo.png Graphic file (type png)
<use PUPLogo.png>
Package pdftex.def Info: PUPLogo.png  used on input line 622.
(pdftex.def)             Requested size: 50.0pt x 49.99765pt.

Package fancyhdr Warning: \headheight is too small (95.0pt): 
(fancyhdr)                Make it at least 98.06946pt, for example:
(fancyhdr)                \setlength{\headheight}{98.06946pt}.
(fancyhdr)                You might also make \topmargin smaller to compensate:
(fancyhdr)                \addtolength{\topmargin}{-3.06946pt}.

[35]
Overfull \hbox (7.67975pt too wide) in paragraph at lines 623--623
\OT1/cmr/m/n/12 Elements[]of[]Statistical[]Learning[]Data[]Mining[]Inference[]and[]Prediction[]Second[]
 []



File: PUPLogo.png Graphic file (type png)
<use PUPLogo.png>
Package pdftex.def Info: PUPLogo.png  used on input line 622.
(pdftex.def)             Requested size: 50.0pt x 49.99765pt.

Package fancyhdr Warning: \headheight is too small (95.0pt): 
(fancyhdr)                Make it at least 98.06946pt, for example:
(fancyhdr)                \setlength{\headheight}{98.06946pt}.
(fancyhdr)                You might also make \topmargin smaller to compensate:
(fancyhdr)                \addtolength{\topmargin}{-3.06946pt}.

[36]

File: PUPLogo.png Graphic file (type png)
<use PUPLogo.png>
Package pdftex.def Info: PUPLogo.png  used on input line 622.
(pdftex.def)             Requested size: 50.0pt x 49.99765pt.

Package fancyhdr Warning: \headheight is too small (95.0pt): 
(fancyhdr)                Make it at least 98.06946pt, for example:
(fancyhdr)                \setlength{\headheight}{98.06946pt}.
(fancyhdr)                You might also make \topmargin smaller to compensate:
(fancyhdr)                \addtolength{\topmargin}{-3.06946pt}.

[37]
Overfull \hbox (16.66931pt too wide) in paragraph at lines 623--623
\OT1/cmr/m/n/12 news -[] events / news -[] releases / combination -[] healthy -[] lifestyle -[] traits -[] may -[] substantially -[]
 []



File: PUPLogo.png Graphic file (type png)
<use PUPLogo.png>
Package pdftex.def Info: PUPLogo.png  used on input line 622.
(pdftex.def)             Requested size: 50.0pt x 49.99765pt.

Package fancyhdr Warning: \headheight is too small (95.0pt): 
(fancyhdr)                Make it at least 98.06946pt, for example:
(fancyhdr)                \setlength{\headheight}{98.06946pt}.
(fancyhdr)                You might also make \topmargin smaller to compensate:
(fancyhdr)                \addtolength{\topmargin}{-3.06946pt}.

[38]

File: PUPLogo.png Graphic file (type png)
<use PUPLogo.png>
Package pdftex.def Info: PUPLogo.png  used on input line 622.
(pdftex.def)             Requested size: 50.0pt x 49.99765pt.

Package fancyhdr Warning: \headheight is too small (95.0pt): 
(fancyhdr)                Make it at least 98.06946pt, for example:
(fancyhdr)                \setlength{\headheight}{98.06946pt}.
(fancyhdr)                You might also make \topmargin smaller to compensate:
(fancyhdr)                \addtolength{\topmargin}{-3.06946pt}.

[39]

File: PUPLogo.png Graphic file (type png)
<use PUPLogo.png>
Package pdftex.def Info: PUPLogo.png  used on input line 624.
(pdftex.def)             Requested size: 50.0pt x 49.99765pt.

Package fancyhdr Warning: \headheight is too small (95.0pt): 
(fancyhdr)                Make it at least 98.06946pt, for example:
(fancyhdr)                \setlength{\headheight}{98.06946pt}.
(fancyhdr)                You might also make \topmargin smaller to compensate:
(fancyhdr)                \addtolength{\topmargin}{-3.06946pt}.

[40] (./main.aux)
 ***********
LaTeX2e <2024-11-01> patch level 1
L3 programming layer <2024-11-02>
 ***********
Package logreq Info: Writing requests to 'main.run.xml'.
\openout1 = `main.run.xml'.

 ) 
Here is how much of TeX's memory you used:
 24900 strings out of 474781
 498390 string characters out of 5753920
 1383740 words of memory out of 5000000
 47466 multiletter control sequences out of 15000+600000
 565721 words of font info for 66 fonts, out of 8000000 for 9000
 319 hyphenation exceptions out of 8191
 84i,16n,93p,1300b,5050s stack positions out of 10000i,1000n,20000p,200000b,200000s
</usr/local/texlive/2024basic/texmf-dist/fonts/type1/public/amsfonts/cm/cmbx10.pfb></usr/local/texlive/2024basic/texmf-dist/fonts/type1/public/amsfonts/cm/cmbx12.pfb></usr/local/texlive/2024basic/texmf-dist/fonts/type1/public/amsfonts/cm/cmmi12.pfb></usr/local/texlive/2024basic/texmf-dist/fonts/type1/public/amsfonts/cm/cmr10.pfb></usr/local/texlive/2024basic/texmf-dist/fonts/type1/public/amsfonts/cm/cmr12.pfb></usr/local/texlive/2024basic/texmf-dist/fonts/type1/public/amsfonts/cm/cmr8.pfb></usr/local/texlive/2024basic/texmf-dist/fonts/type1/public/amsfonts/cm/cmti10.pfb></usr/local/texlive/2024basic/texmf-dist/fonts/type1/public/amsfonts/cm/cmti12.pfb>
Output written on main.pdf (44 pages, 11910911 bytes).
PDF statistics:
 226 PDF objects out of 1000 (max. 8388607)
 128 compressed objects within 2 object streams
 0 named destinations out of 1000 (max. 500000)
 108 words of extra memory for PDF output out of 10000 (max. 10000000)

